2025-08-09 10:36:06,456 - DEBUG - 特征验证详情 (阈值: 50%):
2025-08-09 10:36:06,456 - DEBUG -   颜色特征 (35%): 白色90.1% 黑色1.379%
2025-08-09 10:36:06,456 - DEBUG -   区域结构 (30%): 3个区域
2025-08-09 10:36:06,456 - DEBUG -   关键词 (20%): 标准✗ 发布✓
2025-08-09 10:36:06,456 - DEBUG -   横线结构 (15%): 第一线✗ 第二线✗
2025-08-09 10:36:06,456 - DEBUG -   总匹配度: 68.0% -> 通过
2025-08-09 10:59:23,896 - ERROR - 模板文件不存在: mb6.png
2025-08-09 11:00:29,157 - INFO - PDF处理器初始化成功
2025-08-09 11:00:29,157 - INFO - 找到 52 个PDF文件
2025-08-09 11:00:29,157 - INFO - 开始批量处理PDF文件...
2025-08-09 11:00:29,157 - INFO - 处理文件: F:\标准规范要求\储能\AQ 7017-2025锂离子电池生产安全规范.pdf
2025-08-09 11:00:29,157 - DEBUG - 使用PyMuPDF处理: F:\标准规范要求\储能\AQ 7017-2025锂离子电池生产安全规范.pdf
2025-08-09 11:00:29,388 - DEBUG - PyMuPDF成功转换了5页
2025-08-09 11:00:29,850 - DEBUG - 特征验证详情 (阈值: 50%):
2025-08-09 11:00:29,850 - DEBUG -   颜色特征 (35%): 白色96.8% 黑色1.647%
2025-08-09 11:00:29,850 - DEBUG -   区域结构 (30%): 3个区域
2025-08-09 11:00:29,850 - DEBUG -   关键词 (20%): 标准✓ 发布✓
2025-08-09 11:00:29,850 - DEBUG -   横线结构 (15%): 第一线✗ 第二线✗
2025-08-09 11:00:29,850 - DEBUG -   总匹配度: 80.0% -> 通过
2025-08-09 11:00:29,850 - INFO - ✓ F:\标准规范要求\储能\AQ 7017-2025锂离子电池生产安全规范.pdf 匹配成功，已复制到 jc_standard_test/AQ 7017-2025锂离子电池生产安全规范.pdf
2025-08-09 11:00:29,850 - INFO - 处理文件: F:\标准规范要求\储能\DB 11-T XXXX-XXXX 电力储能系统建设运行规范.pdf
2025-08-09 11:00:29,850 - DEBUG - 使用PyMuPDF处理: F:\标准规范要求\储能\DB 11-T XXXX-XXXX 电力储能系统建设运行规范.pdf
2025-08-09 11:00:29,891 - DEBUG - PyMuPDF成功转换了5页
2025-08-09 11:00:30,955 - DEBUG - 特征验证详情 (阈值: 50%):
2025-08-09 11:00:30,955 - DEBUG -   颜色特征 (35%): 白色97.4% 黑色1.614%
2025-08-09 11:00:30,955 - DEBUG -   区域结构 (30%): 3个区域
2025-08-09 11:00:30,955 - DEBUG -   关键词 (20%): 标准✗ 发布✓
2025-08-09 11:00:30,955 - DEBUG -   横线结构 (15%): 第一线✗ 第二线✗
2025-08-09 11:00:30,955 - DEBUG -   总匹配度: 68.0% -> 通过
2025-08-09 11:00:30,955 - INFO - ✓ F:\标准规范要求\储能\DB 11-T XXXX-XXXX 电力储能系统建设运行规范.pdf 匹配成功，已复制到 jc_standard_test/DB 11-T XXXX-XXXX 电力储能系统建设运行规范.pdf
2025-08-09 11:00:30,955 - INFO - 处理文件: F:\标准规范要求\储能\DB61-T 1757-2023 电化学储能电站安全风险评估规范.pdf
2025-08-09 11:00:30,955 - DEBUG - 使用PyMuPDF处理: F:\标准规范要求\储能\DB61-T 1757-2023 电化学储能电站安全风险评估规范.pdf
2025-08-09 11:00:31,005 - DEBUG - PyMuPDF成功转换了5页
2025-08-09 11:00:32,072 - DEBUG - 特征验证详情 (阈值: 50%):
2025-08-09 11:00:32,072 - DEBUG -   颜色特征 (35%): 白色97.6% 黑色1.386%
2025-08-09 11:00:32,072 - DEBUG -   区域结构 (30%): 3个区域
2025-08-09 11:00:32,072 - DEBUG -   关键词 (20%): 标准✗ 发布✓
2025-08-09 11:00:32,072 - DEBUG -   横线结构 (15%): 第一线✗ 第二线✗
2025-08-09 11:00:32,072 - DEBUG -   总匹配度: 68.0% -> 通过
2025-08-09 11:00:32,088 - INFO - ✓ F:\标准规范要求\储能\DB61-T 1757-2023 电化学储能电站安全风险评估规范.pdf 匹配成功，已复制到 jc_standard_test/DB61-T 1757-2023 电化学储能电站安全风险评估规范.pdf
2025-08-09 11:00:32,088 - INFO - 处理文件: F:\标准规范要求\储能\DL-T xxxx-202x 电力系统新型储能电站规划设计技术导则.pdf
2025-08-09 11:00:32,088 - DEBUG - 使用PyMuPDF处理: F:\标准规范要求\储能\DL-T xxxx-202x 电力系统新型储能电站规划设计技术导则.pdf
2025-08-09 11:00:32,139 - DEBUG - PyMuPDF成功转换了5页
2025-08-09 11:00:32,621 - DEBUG - 特征验证详情 (阈值: 50%):
2025-08-09 11:00:32,621 - DEBUG -   颜色特征 (35%): 白色97.2% 黑色1.693%
2025-08-09 11:00:32,621 - DEBUG -   区域结构 (30%): 3个区域
2025-08-09 11:00:32,621 - DEBUG -   关键词 (20%): 标准✓ 发布✓
2025-08-09 11:00:32,621 - DEBUG -   横线结构 (15%): 第一线✗ 第二线✗
2025-08-09 11:00:32,621 - DEBUG -   总匹配度: 80.0% -> 通过
2025-08-09 11:00:32,638 - INFO - ✓ F:\标准规范要求\储能\DL-T xxxx-202x 电力系统新型储能电站规划设计技术导则.pdf 匹配成功，已复制到 jc_standard_test/DL-T xxxx-202x 电力系统新型储能电站规划设计技术导则.pdf
2025-08-09 11:00:32,638 - INFO - 处理文件: F:\标准规范要求\储能\GB 50058-2014 爆炸危险环境电力装置设计规范.pdf
2025-08-09 11:00:32,638 - DEBUG - 使用PyMuPDF处理: F:\标准规范要求\储能\GB 50058-2014 爆炸危险环境电力装置设计规范.pdf
2025-08-09 11:00:32,804 - DEBUG - PyMuPDF成功转换了5页
2025-08-09 11:00:33,321 - DEBUG - 特征验证详情 (阈值: 50%):
2025-08-09 11:00:33,321 - DEBUG -   颜色特征 (35%): 白色95.7% 黑色2.663%
2025-08-09 11:00:33,321 - DEBUG -   区域结构 (30%): 3个区域
2025-08-09 11:00:33,321 - DEBUG -   关键词 (20%): 标准✓ 发布✓
2025-08-09 11:00:33,321 - DEBUG -   横线结构 (15%): 第一线✗ 第二线✗
2025-08-09 11:00:33,321 - DEBUG -   总匹配度: 80.0% -> 通过
2025-08-09 11:00:33,337 - INFO - ✓ F:\标准规范要求\储能\GB 50058-2014 爆炸危险环境电力装置设计规范.pdf 匹配成功，已复制到 jc_standard_test/GB 50058-2014 爆炸危险环境电力装置设计规范.pdf
2025-08-09 11:00:33,337 - INFO - 处理文件: F:\标准规范要求\储能\GB 50472-2008 电子工业洁净厂房设计规范.pdf
2025-08-09 11:00:33,338 - DEBUG - 使用PyMuPDF处理: F:\标准规范要求\储能\GB 50472-2008 电子工业洁净厂房设计规范.pdf
2025-08-09 11:00:33,452 - DEBUG - PyMuPDF成功转换了5页
2025-08-09 11:00:33,954 - DEBUG - 特征验证详情 (阈值: 50%):
2025-08-09 11:00:33,954 - DEBUG -   颜色特征 (35%): 白色94.6% 黑色2.736%
2025-08-09 11:00:33,954 - DEBUG -   区域结构 (30%): 3个区域
2025-08-09 11:00:33,954 - DEBUG -   关键词 (20%): 标准✓ 发布✓
2025-08-09 11:00:33,954 - DEBUG -   横线结构 (15%): 第一线✗ 第二线✗
2025-08-09 11:00:33,954 - DEBUG -   总匹配度: 80.0% -> 通过
2025-08-09 11:00:33,963 - INFO - ✓ F:\标准规范要求\储能\GB 50472-2008 电子工业洁净厂房设计规范.pdf 匹配成功，已复制到 jc_standard_test/GB 50472-2008 电子工业洁净厂房设计规范.pdf
2025-08-09 11:00:33,963 - INFO - 处理文件: F:\标准规范要求\储能\GB 51377-2019 锂离子电池工厂设计标准.pdf
2025-08-09 11:00:33,963 - DEBUG - 使用PyMuPDF处理: F:\标准规范要求\储能\GB 51377-2019 锂离子电池工厂设计标准.pdf
2025-08-09 11:00:34,490 - DEBUG - PyMuPDF成功转换了5页
2025-08-09 11:00:35,220 - DEBUG - 特征验证详情 (阈值: 50%):
2025-08-09 11:00:35,221 - DEBUG -   颜色特征 (35%): 白色96.6% 黑色1.264%
2025-08-09 11:00:35,221 - DEBUG -   区域结构 (30%): 3个区域
2025-08-09 11:00:35,221 - DEBUG -   关键词 (20%): 标准✓ 发布✓
2025-08-09 11:00:35,222 - DEBUG -   横线结构 (15%): 第一线✗ 第二线✓
2025-08-09 11:00:35,222 - DEBUG -   总匹配度: 87.0% -> 通过
2025-08-09 11:00:35,242 - INFO - ✓ F:\标准规范要求\储能\GB 51377-2019 锂离子电池工厂设计标准.pdf 匹配成功，已复制到 jc_standard_test/GB 51377-2019 锂离子电池工厂设计标准.pdf
2025-08-09 11:00:35,243 - INFO - 处理文件: F:\标准规范要求\储能\GB-T 34120-2023 电化学储能系统储能变流器技术要求.pdf
2025-08-09 11:00:35,244 - DEBUG - 使用PyMuPDF处理: F:\标准规范要求\储能\GB-T 34120-2023 电化学储能系统储能变流器技术要求.pdf
2025-08-09 11:00:35,321 - DEBUG - PyMuPDF成功转换了5页
2025-08-09 11:00:35,858 - DEBUG - 特征验证详情 (阈值: 50%):
2025-08-09 11:00:35,858 - DEBUG -   颜色特征 (35%): 白色96.4% 黑色1.992%
2025-08-09 11:00:35,858 - DEBUG -   区域结构 (30%): 3个区域
2025-08-09 11:00:35,869 - DEBUG -   关键词 (20%): 标准✓ 发布✓
2025-08-09 11:00:35,869 - DEBUG -   横线结构 (15%): 第一线✗ 第二线✗
2025-08-09 11:00:35,869 - DEBUG -   总匹配度: 80.0% -> 通过
2025-08-09 11:00:35,872 - INFO - ✓ F:\标准规范要求\储能\GB-T 34120-2023 电化学储能系统储能变流器技术要求.pdf 匹配成功，已复制到 jc_standard_test/GB-T 34120-2023 电化学储能系统储能变流器技术要求.pdf
2025-08-09 11:00:35,872 - INFO - 处理文件: F:\标准规范要求\储能\GB-T 34131-2023 电力储能用电池管理系统.pdf
2025-08-09 11:00:35,872 - DEBUG - 使用PyMuPDF处理: F:\标准规范要求\储能\GB-T 34131-2023 电力储能用电池管理系统.pdf
2025-08-09 11:00:35,941 - DEBUG - PyMuPDF成功转换了5页
2025-08-09 11:00:36,492 - DEBUG - 特征验证详情 (阈值: 50%):
2025-08-09 11:00:36,492 - DEBUG -   颜色特征 (35%): 白色96.8% 黑色1.748%
2025-08-09 11:00:36,492 - DEBUG -   区域结构 (30%): 3个区域
2025-08-09 11:00:36,492 - DEBUG -   关键词 (20%): 标准✓ 发布✓
2025-08-09 11:00:36,492 - DEBUG -   横线结构 (15%): 第一线✗ 第二线✗
2025-08-09 11:00:36,492 - DEBUG -   总匹配度: 80.0% -> 通过
2025-08-09 11:00:36,502 - INFO - ✓ F:\标准规范要求\储能\GB-T 34131-2023 电力储能用电池管理系统.pdf 匹配成功，已复制到 jc_standard_test/GB-T 34131-2023 电力储能用电池管理系统.pdf
2025-08-09 11:00:36,504 - INFO - 处理文件: F:\标准规范要求\储能\GB-T 36276-2023 电力储能用锂离子电池.pdf
2025-08-09 11:00:36,504 - DEBUG - 使用PyMuPDF处理: F:\标准规范要求\储能\GB-T 36276-2023 电力储能用锂离子电池.pdf
2025-08-09 11:00:36,711 - DEBUG - PyMuPDF成功转换了5页
2025-08-09 11:00:37,220 - DEBUG - 特征验证详情 (阈值: 50%):
2025-08-09 11:00:37,220 - DEBUG -   颜色特征 (35%): 白色96.0% 黑色1.990%
2025-08-09 11:00:37,220 - DEBUG -   区域结构 (30%): 3个区域
2025-08-09 11:00:37,220 - DEBUG -   关键词 (20%): 标准✓ 发布✓
2025-08-09 11:00:37,220 - DEBUG -   横线结构 (15%): 第一线✗ 第二线✗
2025-08-09 11:00:37,220 - DEBUG -   总匹配度: 80.0% -> 通过
2025-08-09 11:00:37,239 - INFO - ✓ F:\标准规范要求\储能\GB-T 36276-2023 电力储能用锂离子电池.pdf 匹配成功，已复制到 jc_standard_test/GB-T 36276-2023 电力储能用锂离子电池.pdf
2025-08-09 11:00:37,239 - INFO - 处理文件: F:\标准规范要求\储能\GB-T 36547-2018 电化学储能系统接入电网技术规定.pdf
2025-08-09 11:00:37,240 - DEBUG - 使用PyMuPDF处理: F:\标准规范要求\储能\GB-T 36547-2018 电化学储能系统接入电网技术规定.pdf
2025-08-09 11:00:37,396 - DEBUG - PyMuPDF成功转换了3页
2025-08-09 11:00:38,506 - DEBUG - 特征验证详情 (阈值: 50%):
2025-08-09 11:00:38,506 - DEBUG -   颜色特征 (35%): 白色96.1% 黑色0.000%
2025-08-09 11:00:38,506 - DEBUG -   区域结构 (30%): 3个区域
2025-08-09 11:00:38,506 - DEBUG -   关键词 (20%): 标准✓ 发布✗
2025-08-09 11:00:38,506 - DEBUG -   横线结构 (15%): 第一线✗ 第二线✗
2025-08-09 11:00:38,506 - DEBUG -   总匹配度: 62.0% -> 通过
2025-08-09 11:00:38,506 - INFO - ✓ F:\标准规范要求\储能\GB-T 36547-2018 电化学储能系统接入电网技术规定.pdf 匹配成功，已复制到 jc_standard_test/GB-T 36547-2018 电化学储能系统接入电网技术规定.pdf
2025-08-09 11:00:38,506 - INFO - 处理文件: F:\标准规范要求\储能\GB-T 36548-2024 电化学储能电站接入电网测试规程.pdf
2025-08-09 11:00:38,506 - DEBUG - 使用PyMuPDF处理: F:\标准规范要求\储能\GB-T 36548-2024 电化学储能电站接入电网测试规程.pdf
2025-08-09 11:00:38,587 - DEBUG - PyMuPDF成功转换了5页
2025-08-09 11:00:39,124 - DEBUG - 特征验证详情 (阈值: 50%):
2025-08-09 11:00:39,125 - DEBUG -   颜色特征 (35%): 白色96.4% 黑色1.506%
2025-08-09 11:00:39,125 - DEBUG -   区域结构 (30%): 3个区域
2025-08-09 11:00:39,125 - DEBUG -   关键词 (20%): 标准✓ 发布✓
2025-08-09 11:00:39,125 - DEBUG -   横线结构 (15%): 第一线✗ 第二线✗
2025-08-09 11:00:39,125 - DEBUG -   总匹配度: 80.0% -> 通过
2025-08-09 11:00:39,127 - INFO - ✓ F:\标准规范要求\储能\GB-T 36548-2024 电化学储能电站接入电网测试规程.pdf 匹配成功，已复制到 jc_standard_test/GB-T 36548-2024 电化学储能电站接入电网测试规程.pdf
2025-08-09 11:00:39,127 - INFO - 处理文件: F:\标准规范要求\储能\GB-T 36549-2018 电化学储能电站运行指标及评价.pdf
2025-08-09 11:00:39,127 - DEBUG - 使用PyMuPDF处理: F:\标准规范要求\储能\GB-T 36549-2018 电化学储能电站运行指标及评价.pdf
2025-08-09 11:00:39,205 - DEBUG - PyMuPDF成功转换了5页
2025-08-09 11:00:39,721 - DEBUG - 特征验证详情 (阈值: 50%):
2025-08-09 11:00:39,721 - DEBUG -   颜色特征 (35%): 白色96.6% 黑色1.941%
2025-08-09 11:00:39,721 - DEBUG -   区域结构 (30%): 3个区域
2025-08-09 11:00:39,721 - DEBUG -   关键词 (20%): 标准✓ 发布✓
2025-08-09 11:00:39,721 - DEBUG -   横线结构 (15%): 第一线✗ 第二线✗
2025-08-09 11:00:39,721 - DEBUG -   总匹配度: 80.0% -> 通过
2025-08-09 11:00:39,721 - INFO - ✓ F:\标准规范要求\储能\GB-T 36549-2018 电化学储能电站运行指标及评价.pdf 匹配成功，已复制到 jc_standard_test/GB-T 36549-2018 电化学储能电站运行指标及评价.pdf
2025-08-09 11:00:39,721 - INFO - 处理文件: F:\标准规范要求\储能\GB-T 40090-2021 储能电站运行维护规程.pdf
2025-08-09 11:00:39,721 - DEBUG - 使用PyMuPDF处理: F:\标准规范要求\储能\GB-T 40090-2021 储能电站运行维护规程.pdf
2025-08-09 11:00:39,804 - DEBUG - PyMuPDF成功转换了5页
2025-08-09 11:00:40,304 - DEBUG - 特征验证详情 (阈值: 50%):
2025-08-09 11:00:40,319 - DEBUG -   颜色特征 (35%): 白色96.9% 黑色1.760%
2025-08-09 11:00:40,319 - DEBUG -   区域结构 (30%): 3个区域
2025-08-09 11:00:40,320 - DEBUG -   关键词 (20%): 标准✓ 发布✓
2025-08-09 11:00:40,320 - DEBUG -   横线结构 (15%): 第一线✗ 第二线✗
2025-08-09 11:00:40,320 - DEBUG -   总匹配度: 80.0% -> 通过
2025-08-09 11:00:40,320 - INFO - ✓ F:\标准规范要求\储能\GB-T 40090-2021 储能电站运行维护规程.pdf 匹配成功，已复制到 jc_standard_test/GB-T 40090-2021 储能电站运行维护规程.pdf
2025-08-09 11:00:40,320 - INFO - 处理文件: F:\标准规范要求\储能\GB-T 42288-2022 电化学储能电站安全规程.pdf
2025-08-09 11:00:40,320 - DEBUG - 使用PyMuPDF处理: F:\标准规范要求\储能\GB-T 42288-2022 电化学储能电站安全规程.pdf
2025-08-09 11:00:40,387 - DEBUG - PyMuPDF成功转换了5页
2025-08-09 11:00:40,870 - DEBUG - 特征验证详情 (阈值: 50%):
2025-08-09 11:00:40,870 - DEBUG -   颜色特征 (35%): 白色96.9% 黑色1.815%
2025-08-09 11:00:40,870 - DEBUG -   区域结构 (30%): 3个区域
2025-08-09 11:00:40,870 - DEBUG -   关键词 (20%): 标准✓ 发布✓
2025-08-09 11:00:40,870 - DEBUG -   横线结构 (15%): 第一线✗ 第二线✗
2025-08-09 11:00:40,870 - DEBUG -   总匹配度: 80.0% -> 通过
2025-08-09 11:00:40,886 - INFO - ✓ F:\标准规范要求\储能\GB-T 42288-2022 电化学储能电站安全规程.pdf 匹配成功，已复制到 jc_standard_test/GB-T 42288-2022 电化学储能电站安全规程.pdf
2025-08-09 11:00:40,887 - INFO - 处理文件: F:\标准规范要求\储能\GB-T 42312-2023 电化学储能电站生产安全应急预案编制导则.pdf
2025-08-09 11:00:40,887 - DEBUG - 使用PyMuPDF处理: F:\标准规范要求\储能\GB-T 42312-2023 电化学储能电站生产安全应急预案编制导则.pdf
2025-08-09 11:00:40,954 - DEBUG - PyMuPDF成功转换了5页
2025-08-09 11:00:41,454 - DEBUG - 特征验证详情 (阈值: 50%):
2025-08-09 11:00:41,454 - DEBUG -   颜色特征 (35%): 白色96.3% 黑色2.139%
2025-08-09 11:00:41,454 - DEBUG -   区域结构 (30%): 3个区域
2025-08-09 11:00:41,454 - DEBUG -   关键词 (20%): 标准✓ 发布✓
2025-08-09 11:00:41,454 - DEBUG -   横线结构 (15%): 第一线✗ 第二线✗
2025-08-09 11:00:41,454 - DEBUG -   总匹配度: 80.0% -> 通过
2025-08-09 11:00:41,454 - INFO - ✓ F:\标准规范要求\储能\GB-T 42312-2023 电化学储能电站生产安全应急预案编制导则.pdf 匹配成功，已复制到 jc_standard_test/GB-T 42312-2023 电化学储能电站生产安全应急预案编制导则.pdf
2025-08-09 11:00:41,454 - INFO - 处理文件: F:\标准规范要求\储能\GB-T 42314-2023 电化学储能电站危险源辨识技术导则.pdf
2025-08-09 11:00:41,454 - DEBUG - 使用PyMuPDF处理: F:\标准规范要求\储能\GB-T 42314-2023 电化学储能电站危险源辨识技术导则.pdf
2025-08-09 11:00:41,537 - DEBUG - PyMuPDF成功转换了5页
2025-08-09 11:00:42,057 - DEBUG - 特征验证详情 (阈值: 50%):
2025-08-09 11:00:42,057 - DEBUG -   颜色特征 (35%): 白色96.5% 黑色2.027%
2025-08-09 11:00:42,057 - DEBUG -   区域结构 (30%): 3个区域
2025-08-09 11:00:42,057 - DEBUG -   关键词 (20%): 标准✓ 发布✓
2025-08-09 11:00:42,057 - DEBUG -   横线结构 (15%): 第一线✗ 第二线✗
2025-08-09 11:00:42,057 - DEBUG -   总匹配度: 80.0% -> 通过
2025-08-09 11:00:42,057 - INFO - ✓ F:\标准规范要求\储能\GB-T 42314-2023 电化学储能电站危险源辨识技术导则.pdf 匹配成功，已复制到 jc_standard_test/GB-T 42314-2023 电化学储能电站危险源辨识技术导则.pdf
2025-08-09 11:00:42,057 - INFO - 处理文件: F:\标准规范要求\储能\GB-T 42315-2023 电化学储能电站检修规程.pdf
2025-08-09 11:00:42,057 - DEBUG - 使用PyMuPDF处理: F:\标准规范要求\储能\GB-T 42315-2023 电化学储能电站检修规程.pdf
2025-08-09 11:00:42,141 - DEBUG - PyMuPDF成功转换了5页
2025-08-09 11:00:42,639 - DEBUG - 特征验证详情 (阈值: 50%):
2025-08-09 11:00:42,639 - DEBUG -   颜色特征 (35%): 白色96.8% 黑色1.845%
2025-08-09 11:00:42,639 - DEBUG -   区域结构 (30%): 3个区域
2025-08-09 11:00:42,639 - DEBUG -   关键词 (20%): 标准✓ 发布✓
2025-08-09 11:00:42,639 - DEBUG -   横线结构 (15%): 第一线✗ 第二线✗
2025-08-09 11:00:42,639 - DEBUG -   总匹配度: 80.0% -> 通过
2025-08-09 11:00:42,646 - INFO - ✓ F:\标准规范要求\储能\GB-T 42315-2023 电化学储能电站检修规程.pdf 匹配成功，已复制到 jc_standard_test/GB-T 42315-2023 电化学储能电站检修规程.pdf
2025-08-09 11:00:42,646 - INFO - 处理文件: F:\标准规范要求\储能\GB-T 42317-2023 电化学储能电站应急演练规程.pdf
2025-08-09 11:00:42,646 - DEBUG - 使用PyMuPDF处理: F:\标准规范要求\储能\GB-T 42317-2023 电化学储能电站应急演练规程.pdf
2025-08-09 11:00:42,722 - DEBUG - PyMuPDF成功转换了5页
2025-08-09 11:00:43,190 - DEBUG - 特征验证详情 (阈值: 50%):
2025-08-09 11:00:43,190 - DEBUG -   颜色特征 (35%): 白色96.7% 黑色1.816%
2025-08-09 11:00:43,197 - DEBUG -   区域结构 (30%): 3个区域
2025-08-09 11:00:43,197 - DEBUG -   关键词 (20%): 标准✓ 发布✓
2025-08-09 11:00:43,197 - DEBUG -   横线结构 (15%): 第一线✗ 第二线✗
2025-08-09 11:00:43,197 - DEBUG -   总匹配度: 80.0% -> 通过
2025-08-09 11:00:43,197 - INFO - ✓ F:\标准规范要求\储能\GB-T 42317-2023 电化学储能电站应急演练规程.pdf 匹配成功，已复制到 jc_standard_test/GB-T 42317-2023 电化学储能电站应急演练规程.pdf
2025-08-09 11:00:43,197 - INFO - 处理文件: F:\标准规范要求\储能\GB-T 42318-2023 电化学储能电站环境影响评价导则.pdf
2025-08-09 11:00:43,197 - DEBUG - 使用PyMuPDF处理: F:\标准规范要求\储能\GB-T 42318-2023 电化学储能电站环境影响评价导则.pdf
2025-08-09 11:00:43,272 - DEBUG - PyMuPDF成功转换了5页
2025-08-09 11:00:43,750 - DEBUG - 特征验证详情 (阈值: 50%):
2025-08-09 11:00:43,752 - DEBUG -   颜色特征 (35%): 白色96.6% 黑色1.909%
2025-08-09 11:00:43,752 - DEBUG -   区域结构 (30%): 3个区域
2025-08-09 11:00:43,753 - DEBUG -   关键词 (20%): 标准✓ 发布✓
2025-08-09 11:00:43,754 - DEBUG -   横线结构 (15%): 第一线✗ 第二线✗
2025-08-09 11:00:43,754 - DEBUG -   总匹配度: 80.0% -> 通过
2025-08-09 11:00:43,754 - INFO - ✓ F:\标准规范要求\储能\GB-T 42318-2023 电化学储能电站环境影响评价导则.pdf 匹配成功，已复制到 jc_standard_test/GB-T 42318-2023 电化学储能电站环境影响评价导则.pdf
2025-08-09 11:00:43,754 - INFO - 处理文件: F:\标准规范要求\储能\GB-T 42715-2023 移动式储能电站通用规范.pdf
2025-08-09 11:00:43,754 - DEBUG - 使用PyMuPDF处理: F:\标准规范要求\储能\GB-T 42715-2023 移动式储能电站通用规范.pdf
2025-08-09 11:00:43,823 - DEBUG - PyMuPDF成功转换了5页
2025-08-09 11:00:44,321 - DEBUG - 特征验证详情 (阈值: 50%):
2025-08-09 11:00:44,321 - DEBUG -   颜色特征 (35%): 白色96.8% 黑色1.838%
2025-08-09 11:00:44,321 - DEBUG -   区域结构 (30%): 3个区域
2025-08-09 11:00:44,321 - DEBUG -   关键词 (20%): 标准✓ 发布✓
2025-08-09 11:00:44,321 - DEBUG -   横线结构 (15%): 第一线✗ 第二线✗
2025-08-09 11:00:44,321 - DEBUG -   总匹配度: 80.0% -> 通过
2025-08-09 11:00:44,337 - INFO - ✓ F:\标准规范要求\储能\GB-T 42715-2023 移动式储能电站通用规范.pdf 匹配成功，已复制到 jc_standard_test/GB-T 42715-2023 移动式储能电站通用规范.pdf
2025-08-09 11:00:44,337 - INFO - 处理文件: F:\标准规范要求\储能\GB-T 42716-2023 电化学储能电站建模导则.pdf
2025-08-09 11:00:44,337 - DEBUG - 使用PyMuPDF处理: F:\标准规范要求\储能\GB-T 42716-2023 电化学储能电站建模导则.pdf
2025-08-09 11:00:44,405 - DEBUG - PyMuPDF成功转换了5页
2025-08-09 11:00:44,922 - DEBUG - 特征验证详情 (阈值: 50%):
2025-08-09 11:00:44,922 - DEBUG -   颜色特征 (35%): 白色96.8% 黑色1.758%
2025-08-09 11:00:44,922 - DEBUG -   区域结构 (30%): 3个区域
2025-08-09 11:00:44,922 - DEBUG -   关键词 (20%): 标准✓ 发布✓
2025-08-09 11:00:44,922 - DEBUG -   横线结构 (15%): 第一线✗ 第二线✗
2025-08-09 11:00:44,922 - DEBUG -   总匹配度: 80.0% -> 通过
2025-08-09 11:00:44,922 - INFO - ✓ F:\标准规范要求\储能\GB-T 42716-2023 电化学储能电站建模导则.pdf 匹配成功，已复制到 jc_standard_test/GB-T 42716-2023 电化学储能电站建模导则.pdf
2025-08-09 11:00:44,922 - INFO - 处理文件: F:\标准规范要求\储能\GB-T 42717-2023 电化学储能电站并网性能评价方法.pdf
2025-08-09 11:00:44,922 - DEBUG - 使用PyMuPDF处理: F:\标准规范要求\储能\GB-T 42717-2023 电化学储能电站并网性能评价方法.pdf
2025-08-09 11:00:45,004 - DEBUG - PyMuPDF成功转换了5页
2025-08-09 11:00:45,497 - DEBUG - 特征验证详情 (阈值: 50%):
2025-08-09 11:00:45,497 - DEBUG -   颜色特征 (35%): 白色96.5% 黑色2.018%
2025-08-09 11:00:45,497 - DEBUG -   区域结构 (30%): 3个区域
2025-08-09 11:00:45,497 - DEBUG -   关键词 (20%): 标准✓ 发布✓
2025-08-09 11:00:45,502 - DEBUG -   横线结构 (15%): 第一线✗ 第二线✗
2025-08-09 11:00:45,502 - DEBUG -   总匹配度: 80.0% -> 通过
2025-08-09 11:00:45,505 - INFO - ✓ F:\标准规范要求\储能\GB-T 42717-2023 电化学储能电站并网性能评价方法.pdf 匹配成功，已复制到 jc_standard_test/GB-T 42717-2023 电化学储能电站并网性能评价方法.pdf
2025-08-09 11:00:45,505 - INFO - 处理文件: F:\标准规范要求\储能\GB-T 42726-2023 电化学储能电站监控系统技术规范.pdf
2025-08-09 11:00:45,505 - DEBUG - 使用PyMuPDF处理: F:\标准规范要求\储能\GB-T 42726-2023 电化学储能电站监控系统技术规范.pdf
2025-08-09 11:00:45,572 - DEBUG - PyMuPDF成功转换了5页
2025-08-09 11:00:46,072 - DEBUG - 特征验证详情 (阈值: 50%):
2025-08-09 11:00:46,072 - DEBUG -   颜色特征 (35%): 白色96.6% 黑色1.922%
2025-08-09 11:00:46,072 - DEBUG -   区域结构 (30%): 3个区域
2025-08-09 11:00:46,072 - DEBUG -   关键词 (20%): 标准✓ 发布✓
2025-08-09 11:00:46,072 - DEBUG -   横线结构 (15%): 第一线✗ 第二线✗
2025-08-09 11:00:46,072 - DEBUG -   总匹配度: 80.0% -> 通过
2025-08-09 11:00:46,072 - INFO - ✓ F:\标准规范要求\储能\GB-T 42726-2023 电化学储能电站监控系统技术规范.pdf 匹配成功，已复制到 jc_standard_test/GB-T 42726-2023 电化学储能电站监控系统技术规范.pdf
2025-08-09 11:00:46,085 - INFO - 处理文件: F:\标准规范要求\储能\GB-T 42737-2023 电化学储能电站调试规程.pdf
2025-08-09 11:00:46,085 - DEBUG - 使用PyMuPDF处理: F:\标准规范要求\储能\GB-T 42737-2023 电化学储能电站调试规程.pdf
2025-08-09 11:00:46,152 - DEBUG - PyMuPDF成功转换了5页
2025-08-09 11:00:46,672 - DEBUG - 特征验证详情 (阈值: 50%):
2025-08-09 11:00:46,672 - DEBUG -   颜色特征 (35%): 白色96.8% 黑色1.746%
2025-08-09 11:00:46,672 - DEBUG -   区域结构 (30%): 3个区域
2025-08-09 11:00:46,672 - DEBUG -   关键词 (20%): 标准✓ 发布✓
2025-08-09 11:00:46,672 - DEBUG -   横线结构 (15%): 第一线✗ 第二线✗
2025-08-09 11:00:46,672 - DEBUG -   总匹配度: 80.0% -> 通过
2025-08-09 11:00:46,687 - INFO - ✓ F:\标准规范要求\储能\GB-T 42737-2023 电化学储能电站调试规程.pdf 匹配成功，已复制到 jc_standard_test/GB-T 42737-2023 电化学储能电站调试规程.pdf
2025-08-09 11:00:46,688 - INFO - 处理文件: F:\标准规范要求\储能\GB-T 43686-2024 电化学储能电站后评价导则.pdf
2025-08-09 11:00:46,688 - DEBUG - 使用PyMuPDF处理: F:\标准规范要求\储能\GB-T 43686-2024 电化学储能电站后评价导则.pdf
2025-08-09 11:00:48,055 - DEBUG - PyMuPDF成功转换了5页
2025-08-09 11:00:49,696 - DEBUG - 特征验证详情 (阈值: 50%):
2025-08-09 11:00:49,696 - DEBUG -   颜色特征 (35%): 白色96.8% 黑色1.857%
2025-08-09 11:00:49,696 - DEBUG -   区域结构 (30%): 3个区域
2025-08-09 11:00:49,696 - DEBUG -   关键词 (20%): 标准✓ 发布✗
2025-08-09 11:00:49,696 - DEBUG -   横线结构 (15%): 第一线✗ 第二线✓
2025-08-09 11:00:49,696 - DEBUG -   总匹配度: 79.0% -> 通过
2025-08-09 11:00:49,704 - INFO - ✓ F:\标准规范要求\储能\GB-T 43686-2024 电化学储能电站后评价导则.pdf 匹配成功，已复制到 jc_standard_test/GB-T 43686-2024 电化学储能电站后评价导则.pdf
2025-08-09 11:00:49,704 - INFO - 处理文件: F:\标准规范要求\储能\GB-T 43695-2024 锂离子电池和电池组能源转换效率要求和测量方法.pdf
2025-08-09 11:00:49,704 - DEBUG - 使用PyMuPDF处理: F:\标准规范要求\储能\GB-T 43695-2024 锂离子电池和电池组能源转换效率要求和测量方法.pdf
2025-08-09 11:00:49,754 - DEBUG - PyMuPDF成功转换了4页
2025-08-09 11:00:50,322 - DEBUG - 特征验证详情 (阈值: 50%):
2025-08-09 11:00:50,322 - DEBUG -   颜色特征 (35%): 白色96.1% 黑色2.204%
2025-08-09 11:00:50,322 - DEBUG -   区域结构 (30%): 3个区域
2025-08-09 11:00:50,322 - DEBUG -   关键词 (20%): 标准✓ 发布✓
2025-08-09 11:00:50,322 - DEBUG -   横线结构 (15%): 第一线✗ 第二线✗
2025-08-09 11:00:50,322 - DEBUG -   总匹配度: 80.0% -> 通过
2025-08-09 11:00:50,322 - INFO - ✓ F:\标准规范要求\储能\GB-T 43695-2024 锂离子电池和电池组能源转换效率要求和测量方法.pdf 匹配成功，已复制到 jc_standard_test/GB-T 43695-2024 锂离子电池和电池组能源转换效率要求和测量方法.pdf
2025-08-09 11:00:50,322 - INFO - 处理文件: F:\标准规范要求\储能\GB-T 43868-2024 电化学储能电站启动验收规程.pdf
2025-08-09 11:00:50,322 - DEBUG - 使用PyMuPDF处理: F:\标准规范要求\储能\GB-T 43868-2024 电化学储能电站启动验收规程.pdf
2025-08-09 11:00:50,374 - DEBUG - PyMuPDF成功转换了5页
2025-08-09 11:00:50,905 - DEBUG - 特征验证详情 (阈值: 50%):
2025-08-09 11:00:50,906 - DEBUG -   颜色特征 (35%): 白色96.7% 黑色1.841%
2025-08-09 11:00:50,906 - DEBUG -   区域结构 (30%): 3个区域
2025-08-09 11:00:50,906 - DEBUG -   关键词 (20%): 标准✓ 发布✓
2025-08-09 11:00:50,906 - DEBUG -   横线结构 (15%): 第一线✗ 第二线✗
2025-08-09 11:00:50,906 - DEBUG -   总匹配度: 80.0% -> 通过
2025-08-09 11:00:50,910 - INFO - ✓ F:\标准规范要求\储能\GB-T 43868-2024 电化学储能电站启动验收规程.pdf 匹配成功，已复制到 jc_standard_test/GB-T 43868-2024 电化学储能电站启动验收规程.pdf
2025-08-09 11:00:50,910 - INFO - 处理文件: F:\标准规范要求\储能\GB-T 44026-2024 预制舱式锂离子电池储能系统技术规范.pdf
2025-08-09 11:00:50,910 - DEBUG - 使用PyMuPDF处理: F:\标准规范要求\储能\GB-T 44026-2024 预制舱式锂离子电池储能系统技术规范.pdf
2025-08-09 11:00:51,010 - DEBUG - PyMuPDF成功转换了5页
2025-08-09 11:00:51,497 - DEBUG - 特征验证详情 (阈值: 50%):
2025-08-09 11:00:51,497 - DEBUG -   颜色特征 (35%): 白色94.5% 黑色0.956%
2025-08-09 11:00:51,497 - DEBUG -   区域结构 (30%): 3个区域
2025-08-09 11:00:51,497 - DEBUG -   关键词 (20%): 标准✓ 发布✓
2025-08-09 11:00:51,497 - DEBUG -   横线结构 (15%): 第一线✗ 第二线✗
2025-08-09 11:00:51,497 - DEBUG -   总匹配度: 80.0% -> 通过
2025-08-09 11:00:51,505 - INFO - ✓ F:\标准规范要求\储能\GB-T 44026-2024 预制舱式锂离子电池储能系统技术规范.pdf 匹配成功，已复制到 jc_standard_test/GB-T 44026-2024 预制舱式锂离子电池储能系统技术规范.pdf
2025-08-09 11:00:51,506 - INFO - 处理文件: F:\标准规范要求\储能\GB-T 44111-2024 电化学储能电站检修试验规程.pdf
2025-08-09 11:00:51,507 - DEBUG - 使用PyMuPDF处理: F:\标准规范要求\储能\GB-T 44111-2024 电化学储能电站检修试验规程.pdf
2025-08-09 11:00:51,557 - DEBUG - PyMuPDF成功转换了5页
2025-08-09 11:00:52,039 - DEBUG - 特征验证详情 (阈值: 50%):
2025-08-09 11:00:52,053 - DEBUG -   颜色特征 (35%): 白色96.7% 黑色1.815%
2025-08-09 11:00:52,053 - DEBUG -   区域结构 (30%): 3个区域
2025-08-09 11:00:52,053 - DEBUG -   关键词 (20%): 标准✓ 发布✓
2025-08-09 11:00:52,054 - DEBUG -   横线结构 (15%): 第一线✗ 第二线✗
2025-08-09 11:00:52,054 - DEBUG -   总匹配度: 80.0% -> 通过
2025-08-09 11:00:52,056 - INFO - ✓ F:\标准规范要求\储能\GB-T 44111-2024 电化学储能电站检修试验规程.pdf 匹配成功，已复制到 jc_standard_test/GB-T 44111-2024 电化学储能电站检修试验规程.pdf
2025-08-09 11:00:52,056 - INFO - 处理文件: F:\标准规范要求\储能\GB-T 44112-2024 电化学储能电站接入电网运行控制规范.pdf
2025-08-09 11:00:52,056 - DEBUG - 使用PyMuPDF处理: F:\标准规范要求\储能\GB-T 44112-2024 电化学储能电站接入电网运行控制规范.pdf
2025-08-09 11:00:52,106 - DEBUG - PyMuPDF成功转换了5页
2025-08-09 11:00:52,604 - DEBUG - 特征验证详情 (阈值: 50%):
2025-08-09 11:00:52,604 - DEBUG -   颜色特征 (35%): 白色96.4% 黑色2.000%
2025-08-09 11:00:52,605 - DEBUG -   区域结构 (30%): 3个区域
2025-08-09 11:00:52,605 - DEBUG -   关键词 (20%): 标准✓ 发布✓
2025-08-09 11:00:52,605 - DEBUG -   横线结构 (15%): 第一线✗ 第二线✗
2025-08-09 11:00:52,605 - DEBUG -   总匹配度: 80.0% -> 通过
2025-08-09 11:00:52,608 - INFO - ✓ F:\标准规范要求\储能\GB-T 44112-2024 电化学储能电站接入电网运行控制规范.pdf 匹配成功，已复制到 jc_standard_test/GB-T 44112-2024 电化学储能电站接入电网运行控制规范.pdf
2025-08-09 11:00:52,609 - INFO - 处理文件: F:\标准规范要求\储能\GB-T 44113-2024 用户侧电化学储能系统并网管理规范.pdf
2025-08-09 11:00:52,609 - DEBUG - 使用PyMuPDF处理: F:\标准规范要求\储能\GB-T 44113-2024 用户侧电化学储能系统并网管理规范.pdf
2025-08-09 11:00:52,690 - DEBUG - PyMuPDF成功转换了5页
2025-08-09 11:00:53,170 - DEBUG - 特征验证详情 (阈值: 50%):
2025-08-09 11:00:53,170 - DEBUG -   颜色特征 (35%): 白色96.6% 黑色1.927%
2025-08-09 11:00:53,170 - DEBUG -   区域结构 (30%): 3个区域
2025-08-09 11:00:53,170 - DEBUG -   关键词 (20%): 标准✓ 发布✓
2025-08-09 11:00:53,170 - DEBUG -   横线结构 (15%): 第一线✗ 第二线✗
2025-08-09 11:00:53,170 - DEBUG -   总匹配度: 80.0% -> 通过
2025-08-09 11:00:53,170 - INFO - ✓ F:\标准规范要求\储能\GB-T 44113-2024 用户侧电化学储能系统并网管理规范.pdf 匹配成功，已复制到 jc_standard_test/GB-T 44113-2024 用户侧电化学储能系统并网管理规范.pdf
2025-08-09 11:00:53,170 - INFO - 处理文件: F:\标准规范要求\储能\GB-T 44114-2024 电化学储能系统接入低压配电网运行控制规范.pdf
2025-08-09 11:00:53,170 - DEBUG - 使用PyMuPDF处理: F:\标准规范要求\储能\GB-T 44114-2024 电化学储能系统接入低压配电网运行控制规范.pdf
2025-08-09 11:00:53,305 - DEBUG - PyMuPDF成功转换了5页
2025-08-09 11:00:53,770 - DEBUG - 特征验证详情 (阈值: 50%):
2025-08-09 11:00:53,770 - DEBUG -   颜色特征 (35%): 白色94.6% 黑色1.182%
2025-08-09 11:00:53,770 - DEBUG -   区域结构 (30%): 3个区域
2025-08-09 11:00:53,770 - DEBUG -   关键词 (20%): 标准✓ 发布✓
2025-08-09 11:00:53,770 - DEBUG -   横线结构 (15%): 第一线✗ 第二线✗
2025-08-09 11:00:53,770 - DEBUG -   总匹配度: 80.0% -> 通过
2025-08-09 11:00:53,770 - INFO - ✓ F:\标准规范要求\储能\GB-T 44114-2024 电化学储能系统接入低压配电网运行控制规范.pdf 匹配成功，已复制到 jc_standard_test/GB-T 44114-2024 电化学储能系统接入低压配电网运行控制规范.pdf
2025-08-09 11:00:53,770 - INFO - 处理文件: F:\标准规范要求\储能\GB-T 44117-2024 电化学储能电站模型参数测试规程.pdf
2025-08-09 11:00:53,770 - DEBUG - 使用PyMuPDF处理: F:\标准规范要求\储能\GB-T 44117-2024 电化学储能电站模型参数测试规程.pdf
2025-08-09 11:00:53,821 - DEBUG - PyMuPDF成功转换了5页
2025-08-09 11:00:54,296 - DEBUG - 特征验证详情 (阈值: 50%):
2025-08-09 11:00:54,296 - DEBUG -   颜色特征 (35%): 白色96.5% 黑色1.936%
2025-08-09 11:00:54,296 - DEBUG -   区域结构 (30%): 3个区域
2025-08-09 11:00:54,296 - DEBUG -   关键词 (20%): 标准✓ 发布✓
2025-08-09 11:00:54,296 - DEBUG -   横线结构 (15%): 第一线✗ 第二线✗
2025-08-09 11:00:54,296 - DEBUG -   总匹配度: 80.0% -> 通过
2025-08-09 11:00:54,303 - INFO - ✓ F:\标准规范要求\储能\GB-T 44117-2024 电化学储能电站模型参数测试规程.pdf 匹配成功，已复制到 jc_standard_test/GB-T 44117-2024 电化学储能电站模型参数测试规程.pdf
2025-08-09 11:00:54,304 - INFO - 处理文件: F:\标准规范要求\储能\GB-T 44133-2024 智能电化学储能电站技术导则.pdf
2025-08-09 11:00:54,304 - DEBUG - 使用PyMuPDF处理: F:\标准规范要求\储能\GB-T 44133-2024 智能电化学储能电站技术导则.pdf
2025-08-09 11:00:54,355 - DEBUG - PyMuPDF成功转换了5页
2025-08-09 11:00:54,837 - DEBUG - 特征验证详情 (阈值: 50%):
2025-08-09 11:00:54,837 - DEBUG -   颜色特征 (35%): 白色96.7% 黑色1.489%
2025-08-09 11:00:54,837 - DEBUG -   区域结构 (30%): 3个区域
2025-08-09 11:00:54,837 - DEBUG -   关键词 (20%): 标准✓ 发布✓
2025-08-09 11:00:54,837 - DEBUG -   横线结构 (15%): 第一线✗ 第二线✗
2025-08-09 11:00:54,837 - DEBUG -   总匹配度: 80.0% -> 通过
2025-08-09 11:00:54,837 - INFO - ✓ F:\标准规范要求\储能\GB-T 44133-2024 智能电化学储能电站技术导则.pdf 匹配成功，已复制到 jc_standard_test/GB-T 44133-2024 智能电化学储能电站技术导则.pdf
2025-08-09 11:00:54,837 - INFO - 处理文件: F:\标准规范要求\储能\GB-T 44134-2024 电力系统配置电化学储能电站规划导则.pdf
2025-08-09 11:00:54,837 - DEBUG - 使用PyMuPDF处理: F:\标准规范要求\储能\GB-T 44134-2024 电力系统配置电化学储能电站规划导则.pdf
2025-08-09 11:00:54,888 - DEBUG - PyMuPDF成功转换了5页
2025-08-09 11:00:55,370 - DEBUG - 特征验证详情 (阈值: 50%):
2025-08-09 11:00:55,370 - DEBUG -   颜色特征 (35%): 白色96.5% 黑色1.636%
2025-08-09 11:00:55,370 - DEBUG -   区域结构 (30%): 3个区域
2025-08-09 11:00:55,370 - DEBUG -   关键词 (20%): 标准✓ 发布✓
2025-08-09 11:00:55,370 - DEBUG -   横线结构 (15%): 第一线✗ 第二线✗
2025-08-09 11:00:55,370 - DEBUG -   总匹配度: 80.0% -> 通过
2025-08-09 11:00:55,386 - INFO - ✓ F:\标准规范要求\储能\GB-T 44134-2024 电力系统配置电化学储能电站规划导则.pdf 匹配成功，已复制到 jc_standard_test/GB-T 44134-2024 电力系统配置电化学储能电站规划导则.pdf
2025-08-09 11:00:55,387 - INFO - 处理文件: F:\标准规范要求\储能\GB-T 44265-2024 电力储能电站钠离子电池技术规范.pdf
2025-08-09 11:00:55,387 - DEBUG - 使用PyMuPDF处理: F:\标准规范要求\储能\GB-T 44265-2024 电力储能电站钠离子电池技术规范.pdf
2025-08-09 11:00:55,438 - DEBUG - PyMuPDF成功转换了5页
2025-08-09 11:00:56,237 - DEBUG - 特征验证详情 (阈值: 50%):
2025-08-09 11:00:56,237 - DEBUG -   颜色特征 (35%): 白色96.6% 黑色0.000%
2025-08-09 11:00:56,237 - DEBUG -   区域结构 (30%): 3个区域
2025-08-09 11:00:56,237 - DEBUG -   关键词 (20%): 标准✓ 发布✓
2025-08-09 11:00:56,237 - DEBUG -   横线结构 (15%): 第一线✗ 第二线✗
2025-08-09 11:00:56,237 - DEBUG -   总匹配度: 70.0% -> 通过
2025-08-09 11:00:56,237 - INFO - ✓ F:\标准规范要求\储能\GB-T 44265-2024 电力储能电站钠离子电池技术规范.pdf 匹配成功，已复制到 jc_standard_test/GB-T 44265-2024 电力储能电站钠离子电池技术规范.pdf
2025-08-09 11:00:56,237 - INFO - 处理文件: F:\标准规范要求\储能\GB-T 44659.3-2024 新能源场站及接入系统短路电流计算 第3部分：储能电站.pdf
2025-08-09 11:00:56,237 - DEBUG - 使用PyMuPDF处理: F:\标准规范要求\储能\GB-T 44659.3-2024 新能源场站及接入系统短路电流计算 第3部分：储能电站.pdf
2025-08-09 11:00:56,288 - DEBUG - PyMuPDF成功转换了5页
2025-08-09 11:00:56,787 - DEBUG - 特征验证详情 (阈值: 50%):
2025-08-09 11:00:56,787 - DEBUG -   颜色特征 (35%): 白色95.4% 黑色2.272%
2025-08-09 11:00:56,796 - DEBUG -   区域结构 (30%): 3个区域
2025-08-09 11:00:56,796 - DEBUG -   关键词 (20%): 标准✓ 发布✓
2025-08-09 11:00:56,796 - DEBUG -   横线结构 (15%): 第一线✗ 第二线✗
2025-08-09 11:00:56,796 - DEBUG -   总匹配度: 80.0% -> 通过
2025-08-09 11:00:56,796 - INFO - ✓ F:\标准规范要求\储能\GB-T 44659.3-2024 新能源场站及接入系统短路电流计算 第3部分：储能电站.pdf 匹配成功，已复制到 jc_standard_test/GB-T 44659.3-2024 新能源场站及接入系统短路电流计算 第3部分：储能电站.pdf
2025-08-09 11:00:56,796 - INFO - 处理文件: F:\标准规范要求\储能\GB-T 44767-2024 电化学储能电站安全监测信息系统技术导则.pdf
2025-08-09 11:00:56,796 - DEBUG - 使用PyMuPDF处理: F:\标准规范要求\储能\GB-T 44767-2024 电化学储能电站安全监测信息系统技术导则.pdf
2025-08-09 11:00:56,854 - DEBUG - PyMuPDF成功转换了5页
2025-08-09 11:00:57,370 - DEBUG - 特征验证详情 (阈值: 50%):
2025-08-09 11:00:57,370 - DEBUG -   颜色特征 (35%): 白色96.4% 黑色0.000%
2025-08-09 11:00:57,370 - DEBUG -   区域结构 (30%): 3个区域
2025-08-09 11:00:57,370 - DEBUG -   关键词 (20%): 标准✓ 发布✓
2025-08-09 11:00:57,370 - DEBUG -   横线结构 (15%): 第一线✗ 第二线✗
2025-08-09 11:00:57,370 - DEBUG -   总匹配度: 70.0% -> 通过
2025-08-09 11:00:57,370 - INFO - ✓ F:\标准规范要求\储能\GB-T 44767-2024 电化学储能电站安全监测信息系统技术导则.pdf 匹配成功，已复制到 jc_standard_test/GB-T 44767-2024 电化学储能电站安全监测信息系统技术导则.pdf
2025-08-09 11:00:57,370 - INFO - 处理文件: F:\标准规范要求\储能\GB-T 44803-2024 电化学储能电站应急物资技术导则.pdf
2025-08-09 11:00:57,370 - DEBUG - 使用PyMuPDF处理: F:\标准规范要求\储能\GB-T 44803-2024 电化学储能电站应急物资技术导则.pdf
2025-08-09 11:00:57,421 - DEBUG - PyMuPDF成功转换了5页
2025-08-09 11:00:57,954 - DEBUG - 特征验证详情 (阈值: 50%):
2025-08-09 11:00:57,954 - DEBUG -   颜色特征 (35%): 白色96.6% 黑色0.000%
2025-08-09 11:00:57,954 - DEBUG -   区域结构 (30%): 3个区域
2025-08-09 11:00:57,955 - DEBUG -   关键词 (20%): 标准✓ 发布✓
2025-08-09 11:00:57,955 - DEBUG -   横线结构 (15%): 第一线✗ 第二线✗
2025-08-09 11:00:57,955 - DEBUG -   总匹配度: 70.0% -> 通过
2025-08-09 11:00:57,956 - INFO - ✓ F:\标准规范要求\储能\GB-T 44803-2024 电化学储能电站应急物资技术导则.pdf 匹配成功，已复制到 jc_standard_test/GB-T 44803-2024 电化学储能电站应急物资技术导则.pdf
2025-08-09 11:00:57,956 - INFO - 处理文件: F:\标准规范要求\储能\GB-T XXXX-XXXX 电化学储能电站检修试验规程.pdf
2025-08-09 11:00:57,956 - DEBUG - 使用PyMuPDF处理: F:\标准规范要求\储能\GB-T XXXX-XXXX 电化学储能电站检修试验规程.pdf
2025-08-09 11:00:58,046 - DEBUG - PyMuPDF成功转换了5页
2025-08-09 11:00:58,570 - DEBUG - 特征验证详情 (阈值: 50%):
2025-08-09 11:00:58,570 - DEBUG -   颜色特征 (35%): 白色96.7% 黑色1.821%
2025-08-09 11:00:58,570 - DEBUG -   区域结构 (30%): 3个区域
2025-08-09 11:00:58,570 - DEBUG -   关键词 (20%): 标准✓ 发布✓
2025-08-09 11:00:58,570 - DEBUG -   横线结构 (15%): 第一线✗ 第二线✗
2025-08-09 11:00:58,570 - DEBUG -   总匹配度: 80.0% -> 通过
2025-08-09 11:00:58,570 - INFO - ✓ F:\标准规范要求\储能\GB-T XXXX-XXXX 电化学储能电站检修试验规程.pdf 匹配成功，已复制到 jc_standard_test/GB-T XXXX-XXXX 电化学储能电站检修试验规程.pdf
2025-08-09 11:00:58,570 - INFO - 处理文件: F:\标准规范要求\储能\T-CES 243-2023 构网型储能系统并网技术规范.pdf
2025-08-09 11:00:58,570 - DEBUG - 使用PyMuPDF处理: F:\标准规范要求\储能\T-CES 243-2023 构网型储能系统并网技术规范.pdf
2025-08-09 11:00:58,720 - DEBUG - PyMuPDF成功转换了5页
2025-08-09 11:00:59,869 - DEBUG - 特征验证详情 (阈值: 50%):
2025-08-09 11:00:59,869 - DEBUG -   颜色特征 (35%): 白色97.0% 黑色0.505%
2025-08-09 11:00:59,870 - DEBUG -   区域结构 (30%): 3个区域
2025-08-09 11:00:59,870 - DEBUG -   关键词 (20%): 标准✗ 发布✓
2025-08-09 11:00:59,871 - DEBUG -   横线结构 (15%): 第一线✗ 第二线✗
2025-08-09 11:00:59,871 - DEBUG -   总匹配度: 68.0% -> 通过
2025-08-09 11:00:59,875 - INFO - ✓ F:\标准规范要求\储能\T-CES 243-2023 构网型储能系统并网技术规范.pdf 匹配成功，已复制到 jc_standard_test/T-CES 243-2023 构网型储能系统并网技术规范.pdf
2025-08-09 11:00:59,875 - INFO - 处理文件: F:\标准规范要求\储能\T-CES 244-2023 构网型储能系统并网测试规范.pdf
2025-08-09 11:00:59,875 - DEBUG - 使用PyMuPDF处理: F:\标准规范要求\储能\T-CES 244-2023 构网型储能系统并网测试规范.pdf
2025-08-09 11:00:59,911 - DEBUG - PyMuPDF成功转换了5页
2025-08-09 11:01:00,970 - DEBUG - 特征验证详情 (阈值: 50%):
2025-08-09 11:01:00,970 - DEBUG -   颜色特征 (35%): 白色97.0% 黑色1.148%
2025-08-09 11:01:00,970 - DEBUG -   区域结构 (30%): 3个区域
2025-08-09 11:01:00,970 - DEBUG -   关键词 (20%): 标准✗ 发布✓
2025-08-09 11:01:00,970 - DEBUG -   横线结构 (15%): 第一线✗ 第二线✗
2025-08-09 11:01:00,970 - DEBUG -   总匹配度: 68.0% -> 通过
2025-08-09 11:01:00,970 - INFO - ✓ F:\标准规范要求\储能\T-CES 244-2023 构网型储能系统并网测试规范.pdf 匹配成功，已复制到 jc_standard_test/T-CES 244-2023 构网型储能系统并网测试规范.pdf
2025-08-09 11:01:00,970 - INFO - 处理文件: F:\标准规范要求\储能\T-CES XXX-2023 储能柜通用技术规范.pdf
2025-08-09 11:01:00,970 - DEBUG - 使用PyMuPDF处理: F:\标准规范要求\储能\T-CES XXX-2023 储能柜通用技术规范.pdf
2025-08-09 11:01:01,046 - DEBUG - PyMuPDF成功转换了5页
2025-08-09 11:01:01,537 - DEBUG - 特征验证详情 (阈值: 50%):
2025-08-09 11:01:01,537 - DEBUG -   颜色特征 (35%): 白色97.0% 黑色1.029%
2025-08-09 11:01:01,537 - DEBUG -   区域结构 (30%): 3个区域
2025-08-09 11:01:01,537 - DEBUG -   关键词 (20%): 标准✓ 发布✓
2025-08-09 11:01:01,537 - DEBUG -   横线结构 (15%): 第一线✗ 第二线✗
2025-08-09 11:01:01,537 - DEBUG -   总匹配度: 80.0% -> 通过
2025-08-09 11:01:01,537 - INFO - ✓ F:\标准规范要求\储能\T-CES XXX-2023 储能柜通用技术规范.pdf 匹配成功，已复制到 jc_standard_test/T-CES XXX-2023 储能柜通用技术规范.pdf
2025-08-09 11:01:01,546 - INFO - 处理文件: F:\标准规范要求\储能\T-CES XXX-2023 电化学储能电站测试技术规范.pdf
2025-08-09 11:01:01,546 - DEBUG - 使用PyMuPDF处理: F:\标准规范要求\储能\T-CES XXX-2023 电化学储能电站测试技术规范.pdf
2025-08-09 11:01:01,621 - DEBUG - PyMuPDF成功转换了5页
2025-08-09 11:01:02,737 - DEBUG - 特征验证详情 (阈值: 50%):
2025-08-09 11:01:02,737 - DEBUG -   颜色特征 (35%): 白色97.1% 黑色0.714%
2025-08-09 11:01:02,737 - DEBUG -   区域结构 (30%): 3个区域
2025-08-09 11:01:02,737 - DEBUG -   关键词 (20%): 标准✗ 发布✓
2025-08-09 11:01:02,737 - DEBUG -   横线结构 (15%): 第一线✗ 第二线✗
2025-08-09 11:01:02,737 - DEBUG -   总匹配度: 68.0% -> 通过
2025-08-09 11:01:02,737 - INFO - ✓ F:\标准规范要求\储能\T-CES XXX-2023 电化学储能电站测试技术规范.pdf 匹配成功，已复制到 jc_standard_test/T-CES XXX-2023 电化学储能电站测试技术规范.pdf
2025-08-09 11:01:02,737 - INFO - 处理文件: F:\标准规范要求\储能\T-CES XXXX-XXXX 构网型电化学储能电站并网性能评价方法.pdf
2025-08-09 11:01:02,746 - DEBUG - 使用PyMuPDF处理: F:\标准规范要求\储能\T-CES XXXX-XXXX 构网型电化学储能电站并网性能评价方法.pdf
2025-08-09 11:01:02,811 - DEBUG - PyMuPDF成功转换了5页
2025-08-09 11:01:03,320 - DEBUG - 特征验证详情 (阈值: 50%):
2025-08-09 11:01:03,320 - DEBUG -   颜色特征 (35%): 白色96.5% 黑色1.361%
2025-08-09 11:01:03,320 - DEBUG -   区域结构 (30%): 3个区域
2025-08-09 11:01:03,320 - DEBUG -   关键词 (20%): 标准✓ 发布✓
2025-08-09 11:01:03,320 - DEBUG -   横线结构 (15%): 第一线✗ 第二线✗
2025-08-09 11:01:03,320 - DEBUG -   总匹配度: 80.0% -> 通过
2025-08-09 11:01:03,320 - INFO - ✓ F:\标准规范要求\储能\T-CES XXXX-XXXX 构网型电化学储能电站并网性能评价方法.pdf 匹配成功，已复制到 jc_standard_test/T-CES XXXX-XXXX 构网型电化学储能电站并网性能评价方法.pdf
2025-08-09 11:01:03,320 - INFO - 处理文件: F:\标准规范要求\储能\T-CNESA  XXXX-XXXX 电池储能系统储能协调控制器技术规范.pdf
2025-08-09 11:01:03,320 - DEBUG - 使用PyMuPDF处理: F:\标准规范要求\储能\T-CNESA  XXXX-XXXX 电池储能系统储能协调控制器技术规范.pdf
2025-08-09 11:01:03,372 - DEBUG - PyMuPDF成功转换了5页
2025-08-09 11:01:03,870 - DEBUG - 特征验证详情 (阈值: 50%):
2025-08-09 11:01:03,886 - DEBUG -   颜色特征 (35%): 白色97.7% 黑色1.239%
2025-08-09 11:01:03,886 - DEBUG -   区域结构 (30%): 3个区域
2025-08-09 11:01:03,886 - DEBUG -   关键词 (20%): 标准✓ 发布✓
2025-08-09 11:01:03,887 - DEBUG -   横线结构 (15%): 第一线✗ 第二线✗
2025-08-09 11:01:03,887 - DEBUG -   总匹配度: 80.0% -> 通过
2025-08-09 11:01:03,887 - INFO - ✓ F:\标准规范要求\储能\T-CNESA  XXXX-XXXX 电池储能系统储能协调控制器技术规范.pdf 匹配成功，已复制到 jc_standard_test/T-CNESA  XXXX-XXXX 电池储能系统储能协调控制器技术规范.pdf
2025-08-09 11:01:03,887 - INFO - 处理文件: F:\标准规范要求\储能\T-CNESA XXXX-XXXX 构网型储能变流器技术规范.pdf
2025-08-09 11:01:03,887 - DEBUG - 使用PyMuPDF处理: F:\标准规范要求\储能\T-CNESA XXXX-XXXX 构网型储能变流器技术规范.pdf
2025-08-09 11:01:04,004 - DEBUG - PyMuPDF成功转换了5页
2025-08-09 11:01:05,721 - DEBUG - 特征验证详情 (阈值: 50%):
2025-08-09 11:01:05,721 - DEBUG -   颜色特征 (35%): 白色92.4% 黑色0.522%
2025-08-09 11:01:05,721 - DEBUG -   区域结构 (30%): 3个区域
2025-08-09 11:01:05,735 - DEBUG -   关键词 (20%): 标准✗ 发布✗
2025-08-09 11:01:05,736 - DEBUG -   横线结构 (15%): 第一线✗ 第二线✗
2025-08-09 11:01:05,736 - DEBUG -   总匹配度: 60.0% -> 通过
2025-08-09 11:01:05,737 - INFO - ✓ F:\标准规范要求\储能\T-CNESA XXXX-XXXX 构网型储能变流器技术规范.pdf 匹配成功，已复制到 jc_standard_test/T-CNESA XXXX-XXXX 构网型储能变流器技术规范.pdf
2025-08-09 11:01:05,737 - INFO - 处理文件: F:\标准规范要求\储能\T-CNESA XXXX-XXXX 电化学储能电站热失控火灾致灾危害综合评价技术规范.pdf
2025-08-09 11:01:05,737 - DEBUG - 使用PyMuPDF处理: F:\标准规范要求\储能\T-CNESA XXXX-XXXX 电化学储能电站热失控火灾致灾危害综合评价技术规范.pdf
2025-08-09 11:01:05,854 - DEBUG - PyMuPDF成功转换了5页
2025-08-09 11:01:06,956 - DEBUG - 特征验证详情 (阈值: 50%):
2025-08-09 11:01:06,970 - DEBUG -   颜色特征 (35%): 白色91.7% 黑色1.003%
2025-08-09 11:01:06,970 - DEBUG -   区域结构 (30%): 3个区域
2025-08-09 11:01:06,970 - DEBUG -   关键词 (20%): 标准✗ 发布✓
2025-08-09 11:01:06,970 - DEBUG -   横线结构 (15%): 第一线✗ 第二线✗
2025-08-09 11:01:06,970 - DEBUG -   总匹配度: 68.0% -> 通过
2025-08-09 11:01:06,970 - INFO - ✓ F:\标准规范要求\储能\T-CNESA XXXX-XXXX 电化学储能电站热失控火灾致灾危害综合评价技术规范.pdf 匹配成功，已复制到 jc_standard_test/T-CNESA XXXX-XXXX 电化学储能电站热失控火灾致灾危害综合评价技术规范.pdf
2025-08-09 11:01:06,970 - INFO - 处理文件: F:\标准规范要求\储能\T-HZESA 001-2021 浙江电化学储能电站并网技术规范.pdf
2025-08-09 11:01:06,970 - DEBUG - 使用PyMuPDF处理: F:\标准规范要求\储能\T-HZESA 001-2021 浙江电化学储能电站并网技术规范.pdf
2025-08-09 11:01:07,038 - DEBUG - PyMuPDF成功转换了5页
2025-08-09 11:01:07,504 - DEBUG - 特征验证详情 (阈值: 50%):
2025-08-09 11:01:07,504 - DEBUG -   颜色特征 (35%): 白色97.5% 黑色1.428%
2025-08-09 11:01:07,504 - DEBUG -   区域结构 (30%): 3个区域
2025-08-09 11:01:07,504 - DEBUG -   关键词 (20%): 标准✓ 发布✓
2025-08-09 11:01:07,504 - DEBUG -   横线结构 (15%): 第一线✗ 第二线✗
2025-08-09 11:01:07,504 - DEBUG -   总匹配度: 80.0% -> 通过
2025-08-09 11:01:07,504 - INFO - ✓ F:\标准规范要求\储能\T-HZESA 001-2021 浙江电化学储能电站并网技术规范.pdf 匹配成功，已复制到 jc_standard_test/T-HZESA 001-2021 浙江电化学储能电站并网技术规范.pdf
2025-08-09 11:01:07,504 - INFO - 处理文件: F:\标准规范要求\储能\T-UNP XXX-2025 锂离子电池热失控预警方法.pdf
2025-08-09 11:01:07,504 - DEBUG - 使用PyMuPDF处理: F:\标准规范要求\储能\T-UNP XXX-2025 锂离子电池热失控预警方法.pdf
2025-08-09 11:01:07,554 - DEBUG - PyMuPDF成功转换了5页
2025-08-09 11:01:08,654 - DEBUG - 特征验证详情 (阈值: 50%):
2025-08-09 11:01:08,654 - DEBUG -   颜色特征 (35%): 白色97.6% 黑色1.047%
2025-08-09 11:01:08,654 - DEBUG -   区域结构 (30%): 3个区域
2025-08-09 11:01:08,654 - DEBUG -   关键词 (20%): 标准✗ 发布✓
2025-08-09 11:01:08,654 - DEBUG -   横线结构 (15%): 第一线✗ 第二线✗
2025-08-09 11:01:08,654 - DEBUG -   总匹配度: 68.0% -> 通过
2025-08-09 11:01:08,669 - INFO - ✓ F:\标准规范要求\储能\T-UNP XXX-2025 锂离子电池热失控预警方法.pdf 匹配成功，已复制到 jc_standard_test/T-UNP XXX-2025 锂离子电池热失控预警方法.pdf
2025-08-09 11:01:08,670 - INFO - 处理文件: F:\标准规范要求\储能\T-XXX XXXX-XXXX 电化学储能电站启动验收规程.pdf
2025-08-09 11:01:08,670 - DEBUG - 使用PyMuPDF处理: F:\标准规范要求\储能\T-XXX XXXX-XXXX 电化学储能电站启动验收规程.pdf
2025-08-09 11:01:08,710 - DEBUG - PyMuPDF成功转换了5页
2025-08-09 11:01:09,171 - DEBUG - 特征验证详情 (阈值: 50%):
2025-08-09 11:01:09,171 - DEBUG -   颜色特征 (35%): 白色97.9% 黑色1.085%
2025-08-09 11:01:09,171 - DEBUG -   区域结构 (30%): 3个区域
2025-08-09 11:01:09,171 - DEBUG -   关键词 (20%): 标准✓ 发布✓
2025-08-09 11:01:09,171 - DEBUG -   横线结构 (15%): 第一线✗ 第二线✗
2025-08-09 11:01:09,171 - DEBUG -   总匹配度: 80.0% -> 通过
2025-08-09 11:01:09,171 - INFO - ✓ F:\标准规范要求\储能\T-XXX XXXX-XXXX 电化学储能电站启动验收规程.pdf 匹配成功，已复制到 jc_standard_test/T-XXX XXXX-XXXX 电化学储能电站启动验收规程.pdf
2025-08-09 11:01:09,171 - INFO - ==================================================
2025-08-09 11:01:09,171 - INFO - 处理结果统计:
2025-08-09 11:01:09,171 - INFO - 总文件数: 52
2025-08-09 11:01:09,171 - INFO - 成功匹配: 52
2025-08-09 11:01:09,171 - INFO - 匹配失败: 0
2025-08-09 11:01:09,171 - INFO - 成功率: 100.0%
2025-08-09 11:01:09,171 - INFO - 
成功匹配的文件:
2025-08-09 11:01:09,171 - INFO -   ✓ AQ 7017-2025锂离子电池生产安全规范.pdf
2025-08-09 11:01:09,171 - INFO -   ✓ DB 11-T XXXX-XXXX 电力储能系统建设运行规范.pdf
2025-08-09 11:01:09,171 - INFO -   ✓ DB61-T 1757-2023 电化学储能电站安全风险评估规范.pdf
2025-08-09 11:01:09,171 - INFO -   ✓ DL-T xxxx-202x 电力系统新型储能电站规划设计技术导则.pdf
2025-08-09 11:01:09,171 - INFO -   ✓ GB 50058-2014 爆炸危险环境电力装置设计规范.pdf
2025-08-09 11:01:09,171 - INFO -   ✓ GB 50472-2008 电子工业洁净厂房设计规范.pdf
2025-08-09 11:01:09,171 - INFO -   ✓ GB 51377-2019 锂离子电池工厂设计标准.pdf
2025-08-09 11:01:09,171 - INFO -   ✓ GB-T 34120-2023 电化学储能系统储能变流器技术要求.pdf
2025-08-09 11:01:09,171 - INFO -   ✓ GB-T 34131-2023 电力储能用电池管理系统.pdf
2025-08-09 11:01:09,171 - INFO -   ✓ GB-T 36276-2023 电力储能用锂离子电池.pdf
2025-08-09 11:01:09,171 - INFO -   ✓ GB-T 36547-2018 电化学储能系统接入电网技术规定.pdf
2025-08-09 11:01:09,171 - INFO -   ✓ GB-T 36548-2024 电化学储能电站接入电网测试规程.pdf
2025-08-09 11:01:09,171 - INFO -   ✓ GB-T 36549-2018 电化学储能电站运行指标及评价.pdf
2025-08-09 11:01:09,171 - INFO -   ✓ GB-T 40090-2021 储能电站运行维护规程.pdf
2025-08-09 11:01:09,171 - INFO -   ✓ GB-T 42288-2022 电化学储能电站安全规程.pdf
2025-08-09 11:01:09,171 - INFO -   ✓ GB-T 42312-2023 电化学储能电站生产安全应急预案编制导则.pdf
2025-08-09 11:01:09,171 - INFO -   ✓ GB-T 42314-2023 电化学储能电站危险源辨识技术导则.pdf
2025-08-09 11:01:09,171 - INFO -   ✓ GB-T 42315-2023 电化学储能电站检修规程.pdf
2025-08-09 11:01:09,178 - INFO -   ✓ GB-T 42317-2023 电化学储能电站应急演练规程.pdf
2025-08-09 11:01:09,178 - INFO -   ✓ GB-T 42318-2023 电化学储能电站环境影响评价导则.pdf
2025-08-09 11:01:09,178 - INFO -   ✓ GB-T 42715-2023 移动式储能电站通用规范.pdf
2025-08-09 11:01:09,178 - INFO -   ✓ GB-T 42716-2023 电化学储能电站建模导则.pdf
2025-08-09 11:01:09,178 - INFO -   ✓ GB-T 42717-2023 电化学储能电站并网性能评价方法.pdf
2025-08-09 11:01:09,178 - INFO -   ✓ GB-T 42726-2023 电化学储能电站监控系统技术规范.pdf
2025-08-09 11:01:09,178 - INFO -   ✓ GB-T 42737-2023 电化学储能电站调试规程.pdf
2025-08-09 11:01:09,178 - INFO -   ✓ GB-T 43686-2024 电化学储能电站后评价导则.pdf
2025-08-09 11:01:09,178 - INFO -   ✓ GB-T 43695-2024 锂离子电池和电池组能源转换效率要求和测量方法.pdf
2025-08-09 11:01:09,178 - INFO -   ✓ GB-T 43868-2024 电化学储能电站启动验收规程.pdf
2025-08-09 11:01:09,179 - INFO -   ✓ GB-T 44026-2024 预制舱式锂离子电池储能系统技术规范.pdf
2025-08-09 11:01:09,179 - INFO -   ✓ GB-T 44111-2024 电化学储能电站检修试验规程.pdf
2025-08-09 11:01:09,179 - INFO -   ✓ GB-T 44112-2024 电化学储能电站接入电网运行控制规范.pdf
2025-08-09 11:01:09,179 - INFO -   ✓ GB-T 44113-2024 用户侧电化学储能系统并网管理规范.pdf
2025-08-09 11:01:09,179 - INFO -   ✓ GB-T 44114-2024 电化学储能系统接入低压配电网运行控制规范.pdf
2025-08-09 11:01:09,179 - INFO -   ✓ GB-T 44117-2024 电化学储能电站模型参数测试规程.pdf
2025-08-09 11:01:09,179 - INFO -   ✓ GB-T 44133-2024 智能电化学储能电站技术导则.pdf
2025-08-09 11:01:09,179 - INFO -   ✓ GB-T 44134-2024 电力系统配置电化学储能电站规划导则.pdf
2025-08-09 11:01:09,179 - INFO -   ✓ GB-T 44265-2024 电力储能电站钠离子电池技术规范.pdf
2025-08-09 11:01:09,179 - INFO -   ✓ GB-T 44659.3-2024 新能源场站及接入系统短路电流计算 第3部分：储能电站.pdf
2025-08-09 11:01:09,179 - INFO -   ✓ GB-T 44767-2024 电化学储能电站安全监测信息系统技术导则.pdf
2025-08-09 11:01:09,179 - INFO -   ✓ GB-T 44803-2024 电化学储能电站应急物资技术导则.pdf
2025-08-09 11:01:09,179 - INFO -   ✓ GB-T XXXX-XXXX 电化学储能电站检修试验规程.pdf
2025-08-09 11:01:09,179 - INFO -   ✓ T-CES 243-2023 构网型储能系统并网技术规范.pdf
2025-08-09 11:01:09,180 - INFO -   ✓ T-CES 244-2023 构网型储能系统并网测试规范.pdf
2025-08-09 11:01:09,180 - INFO -   ✓ T-CES XXX-2023 储能柜通用技术规范.pdf
2025-08-09 11:01:09,180 - INFO -   ✓ T-CES XXX-2023 电化学储能电站测试技术规范.pdf
2025-08-09 11:01:09,180 - INFO -   ✓ T-CES XXXX-XXXX 构网型电化学储能电站并网性能评价方法.pdf
2025-08-09 11:01:09,180 - INFO -   ✓ T-CNESA  XXXX-XXXX 电池储能系统储能协调控制器技术规范.pdf
2025-08-09 11:01:09,180 - INFO -   ✓ T-CNESA XXXX-XXXX 构网型储能变流器技术规范.pdf
2025-08-09 11:01:09,181 - INFO -   ✓ T-CNESA XXXX-XXXX 电化学储能电站热失控火灾致灾危害综合评价技术规范.pdf
2025-08-09 11:01:09,181 - INFO -   ✓ T-HZESA 001-2021 浙江电化学储能电站并网技术规范.pdf
2025-08-09 11:01:09,181 - INFO -   ✓ T-UNP XXX-2025 锂离子电池热失控预警方法.pdf
2025-08-09 11:01:09,181 - INFO -   ✓ T-XXX XXXX-XXXX 电化学储能电站启动验收规程.pdf
2025-08-09 11:01:09,181 - INFO - ==================================================
2025-08-09 11:01:09,181 - INFO - 处理完成！匹配成功的文件已复制到 jc_standard_test 目录
2025-08-09 17:11:53,719 - INFO - ❌ 标准文件验证失败: 第二步失败: 检测到24条横线，要求恰好2条
2025-08-09 17:41:13,981 - INFO - ❌ 标准文件验证失败: 第二步失败: 检测到4条横线，但无法找到合适的两条主线（间距或长度不足）
2025-08-09 17:44:47,856 - INFO - ❌ 标准文件验证失败: 第二步失败: 检测到4条横线，但无法找到合适的两条主线（间距或长度不足）
